<?xml version="1.0" ?>
<testsuite errors="0" failures="0" name="UnhumanSiteTests-20180607221235" tests="2" time="0.000">
	<testcase classname="UnhumanSiteTests" name="test_a" time="0.000"/>
	<testcase classname="UnhumanSiteTests" name="test_skip" time="0.000">
		<skipped message="Test skip" type="skip"/>
	</testcase>
	<system-out>
<![CDATA[]]>	</system-out>
	<system-err>
<![CDATA[]]>	</system-err>
</testsuite>
